Arguments: 
  /home/leonardofreua/.asdf/installs/nodejs/12.13.0/bin/node /usr/share/yarn/bin/yarn.js add @babel/core @babel/preset-env @babel-preset-react webpack webpack-cli -D

PATH: 
  /home/leonardofreua/.asdf/installs/nodejs/12.13.0/bin:/home/leonardofreua/.asdf/installs/nodejs/12.13.0/.npm/bin:/home/leonardofreua/.pyenv/shims:/home/leonardofreua/.pyenv/bin:/home/leonardofreua/.poetry/bin:/home/leonardofreua/.cargo/bin:/home/leonardofreua/.asdf/shims:/home/leonardofreua/.asdf/bin:/home/leonardofreua/anaconda3/bin:/home/leonardofreua/.pyenv/shims:/home/leonardofreua/.pyenv/bin:/home/leonardofreua/.poetry/bin:/home/leonardofreua/.cargo/bin:/home/leonardofreua/anaconda3/bin:/home/leonardofreua/.poetry/bin:/home/leonardofreua/.cargo/bin:/home/leonardofreua/anaconda3/bin:/home/leonardofreua/.local/bin:/usr/local/sbin:/usr/local/bin:/usr/sbin:/usr/bin:/sbin:/bin:/usr/games:/usr/local/games:/snap/bin:/home/leonardofreua/android-sdk/tools:/home/leonardofreua/android-sdk/platform-tools:/home/leonardofreua/.fzf/bin:/home/leonardofreua/android-sdk/tools:/home/leonardofreua/android-sdk/platform-tools

Yarn version: 
  1.21.1

Node version: 
  12.13.0

Platform: 
  linux x64

Trace: 
  Error: https://registry.yarnpkg.com/@babel-preset-react: Request "https://registry.yarnpkg.com/@babel-preset-react" returned a 405
      at Request.params.callback [as _callback] (/usr/share/yarn/lib/cli.js:66956:18)
      at Request.self.callback (/usr/share/yarn/lib/cli.js:140665:22)
      at Request.emit (events.js:210:5)
      at Request.<anonymous> (/usr/share/yarn/lib/cli.js:141637:10)
      at Request.emit (events.js:210:5)
      at IncomingMessage.<anonymous> (/usr/share/yarn/lib/cli.js:141559:12)
      at Object.onceWrapper (events.js:299:28)
      at IncomingMessage.emit (events.js:215:7)
      at endReadableNT (_stream_readable.js:1183:12)
      at processTicksAndRejections (internal/process/task_queues.js:80:21)

npm manifest: 
  {
    "name": "modulo04",
    "version": "1.0.0",
    "main": "index.js",
    "license": "MIT"
  }

yarn manifest: 
  No manifest

Lockfile: 
  No lockfile
